<?xml version="1.0" encoding="UTF-8"?>
<testsuite name="com.example.project.TestDelimiter" tests="2" skipped="0" failures="0" errors="0" timestamp="2025-02-06T16:38:02" hostname="codespaces-cc8cd4" time="0.007">
  <properties/>
  <testcase name="testGetDelimiterListPARTA()" classname="com.example.project.TestDelimiter" time="0.003"/>
  <testcase name="testIsBalanced()" classname="com.example.project.TestDelimiter" time="0.002"/>
  <system-out><![CDATA[]]></system-out>
  <system-err><![CDATA[]]></system-err>
</testsuite>
