<?xml version="1.0" encoding="UTF-8"?>
<testsuite name="com.example.project.TestWordPair" tests="2" skipped="0" failures="0" errors="0" timestamp="2025-02-05T17:09:44" hostname="codespaces-cc8cd4" time="0.028">
  <properties/>
  <testcase name="testPARTA()" classname="com.example.project.TestWordPair" time="0.017"/>
  <testcase name="testPARTB()" classname="com.example.project.TestWordPair" time="0.0"/>
  <system-out><![CDATA[]]></system-out>
  <system-err><![CDATA[]]></system-err>
</testsuite>
