<?xml version="1.0" encoding="UTF-8"?>
<testsuite name="com.example.project.TestUtility" tests="1" skipped="0" failures="0" errors="0" timestamp="2025-02-06T16:38:02" hostname="codespaces-cc8cd4" time="0.038">
  <properties/>
  <testcase name="testSort()" classname="com.example.project.TestUtility" time="0.038"/>
  <system-out><![CDATA[]]></system-out>
  <system-err><![CDATA[]]></system-err>
</testsuite>
